<?xml version="1.0" encoding="UTF-8"?>
<testng-results ignored="0" total="1" passed="1" failed="0" skipped="0">
  <reporter-output>
  </reporter-output>
  <suite started-at="2026-04-18T15:13:54 IST" name="Default suite" finished-at="2026-04-18T15:14:00 IST" duration-ms="5910">
    <groups>
    </groups>
    <test started-at="2026-04-18T15:13:54 IST" name="Default test" finished-at="2026-04-18T15:14:00 IST" duration-ms="5910">
      <class name="tests.AlertsTest">
        <test-method is-config="true" signature="setup()[pri:0, instance:tests.AlertsTest@40a4337a]" started-at="2026-04-18T15:13:55 IST" name="setup" finished-at="2026-04-18T15:13:58 IST" duration-ms="3960" status="PASS">
          <reporter-output>
          </reporter-output>
        </test-method> <!-- setup -->
        <test-method signature="testAlerts()[pri:0, instance:tests.AlertsTest@40a4337a]" started-at="2026-04-18T15:13:58 IST" name="testAlerts" finished-at="2026-04-18T15:14:00 IST" duration-ms="1360" status="PASS">
          <reporter-output>
          </reporter-output>
        </test-method> <!-- testAlerts -->
        <test-method is-config="true" signature="teardown()[pri:0, instance:tests.AlertsTest@40a4337a]" started-at="2026-04-18T15:14:00 IST" name="teardown" finished-at="2026-04-18T15:14:00 IST" duration-ms="544" status="PASS">
          <reporter-output>
          </reporter-output>
        </test-method> <!-- teardown -->
      </class> <!-- tests.AlertsTest -->
    </test> <!-- Default test -->
  </suite> <!-- Default suite -->
</testng-results>
