<?xml version="1.0" encoding="UTF-8"?>
<!-- Generated by org.testng.reporters.JUnitXMLReporter -->
<testsuite ignored="0" hostname="LAPTOP-2D27B82A" failures="1" tests="4" name="FormTests" time="37.653" errors="0" timestamp="2026-04-18T15:53:40 IST">
  <testcase classname="tests.FormTest" name="testFormSubmission" time="1.349"/>
  <testcase classname="tests.FormTest" name="testRadioButton" time="0.197"/>
  <testcase classname="tests.FormTest" name="testCheckbox" time="10.707">
    <failure type="java.lang.AssertionError" message="Checkbox test failed. Screenshot captured.">
      <![CDATA[java.lang.AssertionError: Checkbox test failed. Screenshot captured.
at tests.FormTest.testCheckbox(FormTest.java:96)
at java.base/java.util.ArrayList.forEach(ArrayList.java:1511)
... Removed 28 stack frames]]>
    </failure>
  </testcase> <!-- testCheckbox -->
  <testcase classname="tests.FormTest" name="testEmptyFormValidation" time="10.699"/>
</testsuite> <!-- FormTests -->
