<?xml version="1.0" encoding="UTF-8"?>
<!-- Generated by org.testng.reporters.JUnitXMLReporter -->
<testsuite ignored="0" hostname="LAPTOP-2D27B82A" failures="1" tests="2" name="FormTests" time="46.794" errors="0" timestamp="2026-04-18T13:09:22 IST">
  <testcase classname="tests.FormTest" name="testEmptyFormValidation" time="13.404">
    <failure type="java.lang.AssertionError" message="expected [true] but found [false]">
      <![CDATA[java.lang.AssertionError: expected [true] but found [false]
at tests.FormTest.testEmptyFormValidation(FormTest.java:51)
at java.base/java.util.ArrayList.forEach(ArrayList.java:1511)
... Removed 31 stack frames]]>
    </failure>
  </testcase> <!-- testEmptyFormValidation -->
  <testcase classname="tests.FormTest" name="testFormSubmission" time="14.238"/>
</testsuite> <!-- FormTests -->
