<?xml version="1.0" encoding="UTF-8"?>
<!-- Generated by org.testng.reporters.JUnitXMLReporter -->
<testsuite ignored="0" hostname="LAPTOP-2D27B82A" failures="1" tests="3" name="Module3Tests" time="10.566" errors="0" timestamp="2026-04-18T15:54:18 IST">
  <testcase classname="tests.AlertsTest" name="testAlerts" time="0.657"/>
  <testcase classname="tests.FramesTest" name="testNestedFrames" time="0.688"/>
  <testcase classname="tests.WindowsTest" name="testWindow" time="0.408">
    <failure type="java.lang.AssertionError" message="expected [true] but found [false]">
      <![CDATA[java.lang.AssertionError: expected [true] but found [false]
at tests.WindowsTest.testWindow(WindowsTest.java:20)
at java.base/java.util.ArrayList.forEach(ArrayList.java:1511)
... Removed 31 stack frames]]>
    </failure>
  </testcase> <!-- testWindow -->
</testsuite> <!-- Module3Tests -->
