<?xml version="1.0" encoding="UTF-8"?>
<!-- Generated by org.testng.reporters.JUnitXMLReporter -->
<testsuite ignored="0" hostname="LAPTOP-2D27B82A" failures="0" tests="3" name="Module3Tests" time="12.838" errors="0" timestamp="2026-04-18T15:08:46 IST">
  <testcase classname="tests.AlertsTest" name="testAlerts" time="0.659"/>
  <testcase classname="tests.FramesTest" name="testFrame" time="0.351"/>
  <testcase classname="tests.WindowsTest" name="testWindow" time="0.705"/>
</testsuite> <!-- Module3Tests -->
