<?xml version="1.0" encoding="UTF-8"?>
<!-- Generated by org.testng.reporters.JUnitXMLReporter -->
<testsuite ignored="0" hostname="LAPTOP-2D27B82A" failures="2" tests="3" name="Module5_Widgets" time="10.385" errors="0" timestamp="2026-04-18T15:54:29 IST">
  <testcase classname="tests.WidgetsTest" name="testDatePicker" time="0.676"/>
  <testcase classname="tests.WidgetsTest" name="testSlider" time="0.244">
    <failure type="java.lang.AssertionError" message="Slider value is not within expected range expected [true] but found [false]">
      <![CDATA[java.lang.AssertionError: Slider value is not within expected range expected [true] but found [false]
at tests.WidgetsTest.testSlider(WidgetsTest.java:63)
at java.base/java.util.ArrayList.forEach(ArrayList.java:1511)
... Removed 30 stack frames]]>
    </failure>
  </testcase> <!-- testSlider -->
  <testcase classname="tests.WidgetsTest" name="testAccordion" time="0.317">
    <failure type="java.lang.AssertionError" message="Accordion test failed">
      <![CDATA[java.lang.AssertionError: Accordion test failed
at tests.WidgetsTest.testAccordion(WidgetsTest.java:104)
at java.base/java.util.ArrayList.forEach(ArrayList.java:1511)
... Removed 28 stack frames]]>
    </failure>
  </testcase> <!-- testAccordion -->
</testsuite> <!-- Module5_Widgets -->
