<?xml version="1.0" encoding="UTF-8"?>
<!-- Generated by org.testng.reporters.JUnitXMLReporter -->
<testsuite ignored="0" hostname="LAPTOP-2D27B82A" failures="2" tests="4" name="WebTableTests" time="27.52" errors="0" timestamp="2026-04-18T15:54:08 IST">
  <testcase classname="tests.WebTableTest" name="testAddRecord" time="1.614"/>
  <testcase classname="tests.WebTableTest" name="testSlider" time="0.382">
    <failure type="java.lang.AssertionError" message="Slider test failed">
      <![CDATA[java.lang.AssertionError: Slider test failed
at tests.WebTableTest.testSlider(WebTableTest.java:77)
at java.base/java.util.ArrayList.forEach(ArrayList.java:1511)
... Removed 28 stack frames]]>
    </failure>
  </testcase> <!-- testSlider -->
  <testcase classname="tests.WebTableTest" name="testDeleteRecord" time="12.88">
    <failure type="java.lang.AssertionError" message="Delete failed due to element interaction issue">
      <![CDATA[java.lang.AssertionError: Delete failed due to element interaction issue
at tests.WebTableTest.testDeleteRecord(WebTableTest.java:105)
at java.base/java.util.ArrayList.forEach(ArrayList.java:1511)
... Removed 28 stack frames]]>
    </failure>
  </testcase> <!-- testDeleteRecord -->
  <testcase classname="tests.WebTableTest" name="testPagination" time="0.223"/>
</testsuite> <!-- WebTableTests -->
